Determining if the pthread_create exist failed with the following output:
Change Dir: /home/baj/Dropbox/Workspace/github/maxq-op/Debug/CMakeFiles/CMakeTmp

Run Build Command:"/usr/bin/make" "cmTC_77583/fast"
make[1]: Entering directory '/home/baj/Dropbox/Workspace/github/maxq-op/Debug/CMakeFiles/CMakeTmp'
/usr/bin/make -f CMakeFiles/cmTC_77583.dir/build.make CMakeFiles/cmTC_77583.dir/build
make[2]: Entering directory '/home/baj/Dropbox/Workspace/github/maxq-op/Debug/CMakeFiles/CMakeTmp'
Building C object CMakeFiles/cmTC_77583.dir/CheckSymbolExists.c.o
/usr/lib/ccache/cc     -o CMakeFiles/cmTC_77583.dir/CheckSymbolExists.c.o   -c /home/baj/Dropbox/Workspace/github/maxq-op/Debug/CMakeFiles/CMakeTmp/CheckSymbolExists.c
Linking C executable cmTC_77583
/usr/bin/cmake -E cmake_link_script CMakeFiles/cmTC_77583.dir/link.txt --verbose=1
/usr/lib/ccache/cc       CMakeFiles/cmTC_77583.dir/CheckSymbolExists.c.o  -o cmTC_77583 
CMakeFiles/cmTC_77583.dir/CheckSymbolExists.c.o: In function `main':
CheckSymbolExists.c:(.text+0x16): undefined reference to `pthread_create'
collect2: error: ld returned 1 exit status
CMakeFiles/cmTC_77583.dir/build.make:97: recipe for target 'cmTC_77583' failed
make[2]: *** [cmTC_77583] Error 1
make[2]: Leaving directory '/home/baj/Dropbox/Workspace/github/maxq-op/Debug/CMakeFiles/CMakeTmp'
Makefile:126: recipe for target 'cmTC_77583/fast' failed
make[1]: *** [cmTC_77583/fast] Error 2
make[1]: Leaving directory '/home/baj/Dropbox/Workspace/github/maxq-op/Debug/CMakeFiles/CMakeTmp'

File /home/baj/Dropbox/Workspace/github/maxq-op/Debug/CMakeFiles/CMakeTmp/CheckSymbolExists.c:
/* */
#include <pthread.h>

int main(int argc, char** argv)
{
  (void)argv;
#ifndef pthread_create
  return ((int*)(&pthread_create))[argc];
#else
  (void)argc;
  return 0;
#endif
}

Determining if the function pthread_create exists in the pthreads failed with the following output:
Change Dir: /home/baj/Dropbox/Workspace/github/maxq-op/Debug/CMakeFiles/CMakeTmp

Run Build Command:"/usr/bin/make" "cmTC_ee163/fast"
make[1]: Entering directory '/home/baj/Dropbox/Workspace/github/maxq-op/Debug/CMakeFiles/CMakeTmp'
/usr/bin/make -f CMakeFiles/cmTC_ee163.dir/build.make CMakeFiles/cmTC_ee163.dir/build
make[2]: Entering directory '/home/baj/Dropbox/Workspace/github/maxq-op/Debug/CMakeFiles/CMakeTmp'
Building C object CMakeFiles/cmTC_ee163.dir/CheckFunctionExists.c.o
/usr/lib/ccache/cc    -DCHECK_FUNCTION_EXISTS=pthread_create   -o CMakeFiles/cmTC_ee163.dir/CheckFunctionExists.c.o   -c /usr/share/cmake-3.5/Modules/CheckFunctionExists.c
Linking C executable cmTC_ee163
/usr/bin/cmake -E cmake_link_script CMakeFiles/cmTC_ee163.dir/link.txt --verbose=1
/usr/lib/ccache/cc   -DCHECK_FUNCTION_EXISTS=pthread_create    CMakeFiles/cmTC_ee163.dir/CheckFunctionExists.c.o  -o cmTC_ee163 -lpthreads 
/usr/bin/ld: cannot find -lpthreads
collect2: error: ld returned 1 exit status
CMakeFiles/cmTC_ee163.dir/build.make:97: recipe for target 'cmTC_ee163' failed
make[2]: *** [cmTC_ee163] Error 1
make[2]: Leaving directory '/home/baj/Dropbox/Workspace/github/maxq-op/Debug/CMakeFiles/CMakeTmp'
Makefile:126: recipe for target 'cmTC_ee163/fast' failed
make[1]: *** [cmTC_ee163/fast] Error 2
make[1]: Leaving directory '/home/baj/Dropbox/Workspace/github/maxq-op/Debug/CMakeFiles/CMakeTmp'


