Determining if the pthread_create exist failed with the following output:
Change Dir: /home/baj/Dropbox/Workspace/github/maxq-op/Release/CMakeFiles/CMakeTmp

Run Build Command:"/usr/bin/make" "cmTC_c60ea/fast"
make[1]: Entering directory '/home/baj/Dropbox/Workspace/github/maxq-op/Release/CMakeFiles/CMakeTmp'
/usr/bin/make -f CMakeFiles/cmTC_c60ea.dir/build.make CMakeFiles/cmTC_c60ea.dir/build
make[2]: Entering directory '/home/baj/Dropbox/Workspace/github/maxq-op/Release/CMakeFiles/CMakeTmp'
Building C object CMakeFiles/cmTC_c60ea.dir/CheckSymbolExists.c.o
/usr/lib/ccache/cc     -o CMakeFiles/cmTC_c60ea.dir/CheckSymbolExists.c.o   -c /home/baj/Dropbox/Workspace/github/maxq-op/Release/CMakeFiles/CMakeTmp/CheckSymbolExists.c
Linking C executable cmTC_c60ea
/usr/bin/cmake -E cmake_link_script CMakeFiles/cmTC_c60ea.dir/link.txt --verbose=1
/usr/lib/ccache/cc       CMakeFiles/cmTC_c60ea.dir/CheckSymbolExists.c.o  -o cmTC_c60ea 
CMakeFiles/cmTC_c60ea.dir/CheckSymbolExists.c.o: In function `main':
CheckSymbolExists.c:(.text+0x16): undefined reference to `pthread_create'
collect2: error: ld returned 1 exit status
CMakeFiles/cmTC_c60ea.dir/build.make:97: recipe for target 'cmTC_c60ea' failed
make[2]: *** [cmTC_c60ea] Error 1
make[2]: Leaving directory '/home/baj/Dropbox/Workspace/github/maxq-op/Release/CMakeFiles/CMakeTmp'
Makefile:126: recipe for target 'cmTC_c60ea/fast' failed
make[1]: *** [cmTC_c60ea/fast] Error 2
make[1]: Leaving directory '/home/baj/Dropbox/Workspace/github/maxq-op/Release/CMakeFiles/CMakeTmp'

File /home/baj/Dropbox/Workspace/github/maxq-op/Release/CMakeFiles/CMakeTmp/CheckSymbolExists.c:
/* */
#include <pthread.h>

int main(int argc, char** argv)
{
  (void)argv;
#ifndef pthread_create
  return ((int*)(&pthread_create))[argc];
#else
  (void)argc;
  return 0;
#endif
}

Determining if the function pthread_create exists in the pthreads failed with the following output:
Change Dir: /home/baj/Dropbox/Workspace/github/maxq-op/Release/CMakeFiles/CMakeTmp

Run Build Command:"/usr/bin/make" "cmTC_2f220/fast"
make[1]: Entering directory '/home/baj/Dropbox/Workspace/github/maxq-op/Release/CMakeFiles/CMakeTmp'
/usr/bin/make -f CMakeFiles/cmTC_2f220.dir/build.make CMakeFiles/cmTC_2f220.dir/build
make[2]: Entering directory '/home/baj/Dropbox/Workspace/github/maxq-op/Release/CMakeFiles/CMakeTmp'
Building C object CMakeFiles/cmTC_2f220.dir/CheckFunctionExists.c.o
/usr/lib/ccache/cc    -DCHECK_FUNCTION_EXISTS=pthread_create   -o CMakeFiles/cmTC_2f220.dir/CheckFunctionExists.c.o   -c /usr/share/cmake-3.5/Modules/CheckFunctionExists.c
Linking C executable cmTC_2f220
/usr/bin/cmake -E cmake_link_script CMakeFiles/cmTC_2f220.dir/link.txt --verbose=1
/usr/lib/ccache/cc   -DCHECK_FUNCTION_EXISTS=pthread_create    CMakeFiles/cmTC_2f220.dir/CheckFunctionExists.c.o  -o cmTC_2f220 -lpthreads 
/usr/bin/ld: cannot find -lpthreads
collect2: error: ld returned 1 exit status
CMakeFiles/cmTC_2f220.dir/build.make:97: recipe for target 'cmTC_2f220' failed
make[2]: *** [cmTC_2f220] Error 1
make[2]: Leaving directory '/home/baj/Dropbox/Workspace/github/maxq-op/Release/CMakeFiles/CMakeTmp'
Makefile:126: recipe for target 'cmTC_2f220/fast' failed
make[1]: *** [cmTC_2f220/fast] Error 2
make[1]: Leaving directory '/home/baj/Dropbox/Workspace/github/maxq-op/Release/CMakeFiles/CMakeTmp'


